2025-07-20 00:47:54,008 - INFO - Moved: (1) RPGM - Milfairy Tales [V.0.6330p] [LeelaK] _ F95zone.html --> Others/
2025-07-20 00:47:54,082 - INFO - Moved: 14_02_24_213742_2315907148639.pdf --> Documents/
2025-07-20 00:47:54,150 - INFO - Moved: 2-YEAR(3rdSEM)-AIML-20231211T143758Z-001.zip --> Others/
2025-07-20 00:47:54,173 - INFO - Moved: 20211009_181453.jpg --> Images/
2025-07-20 00:47:54,175 - INFO - Moved: 20231219_DE_TEST_verConsol.pdf --> Documents/
2025-07-20 00:47:54,176 - INFO - Moved: 34-o.jpg --> Images/
2025-07-20 00:47:54,178 - INFO - Moved: 700000075298.pdf --> Documents/
2025-07-20 00:47:54,180 - INFO - Moved: ACVREWARD16_downloadable.zip --> Others/
2025-07-20 00:47:54,182 - INFO - Moved: app2451427 (1).pdf --> Documents/
2025-07-20 00:47:54,187 - INFO - Moved: app2451427.pdf --> Documents/
2025-07-20 00:47:54,189 - INFO - Moved: Application Form.pdf --> Documents/
2025-07-20 00:47:54,191 - INFO - Moved: ApplicationformInstructionBooklet-V3.0.pdf --> Documents/
2025-07-20 00:47:54,193 - INFO - Moved: Appointment Receipt 2.0.pdf --> Documents/
2025-07-20 00:47:54,194 - INFO - Moved: Appointment Receipt NEW.pdf --> Documents/
2025-07-20 00:47:54,196 - INFO - Moved: Appointment Receipt.pdf --> Documents/
2025-07-20 00:47:54,197 - INFO - Moved: Atomic Habits by James Clear.epub --> Others/
2025-07-20 00:47:54,198 - INFO - Moved: Character_Achievements_Guide_v4.pdf --> Documents/
2025-07-20 00:47:54,200 - INFO - Moved: Citizen_Charter.pdf --> Documents/
2025-07-20 00:47:54,204 - INFO - Moved: Default.aspx.html --> Others/
2025-07-20 00:47:54,205 - INFO - Moved: echs.sourceinfosys.com_service_index_pdf.php_content_id=2451427&content_tid=548214858&content_type=temp.pdf --> Documents/
2025-07-20 00:47:54,207 - INFO - Moved: existing_subjects.xls --> Documents/
2025-07-20 00:47:54,209 - INFO - Moved: Form8_U05038O8O2101241200006.pdf.pdf --> Documents/
2025-07-20 00:47:54,210 - INFO - Moved: Form8_U05038O8O2101241200007.pdf.pdf --> Documents/
2025-07-20 00:47:54,311 - INFO - Moved: Haramase_Similator_Guide_v0.pdf --> Documents/
2025-07-20 00:47:54,314 - INFO - Moved: new_paper_id_even.xls --> Documents/
2025-07-20 00:47:54,347 - INFO - Moved: Payment Receipt.pdf --> Documents/
2025-07-20 00:47:54,373 - INFO - Moved: pay_slip2451427.pdf --> Documents/
2025-07-20 00:47:54,381 - INFO - Moved: R-90000934_1703492373.pdf --> Documents/
2025-07-20 00:47:54,384 - INFO - Moved: Thumbnail.html --> Others/
2025-07-20 00:47:54,390 - INFO - Moved: Updated Admission Flyer.pdf --> Documents/
2025-07-20 00:47:54,394 - INFO - Moved: UX Designer Website Template _ WIX.html --> Others/
2025-07-20 00:47:54,398 - INFO - Moved: View_Print Submitted Form.pdf --> Documents/
